{"C:\\Users\\Nadhif Rafifaiz K\\Documents\\Purwadhika JCWDOL-09\\JCWDOL-09-Meeting\\Fundamental\\Meeting-12\\tryTesting\\sum.js": {"path":"C:\\Users\\Nadhif Rafifaiz K\\Documents\\Purwadhika JCWDOL-09\\JCWDOL-09-Meeting\\Fundamental\\Meeting-12\\tryTesting\\sum.js","statementMap":{"0":{"start":{"line":1,"column":12},"end":{"line":3,"column":1}},"1":{"start":{"line":2,"column":4},"end":{"line":2,"column":14}},"2":{"start":{"line":6,"column":0},"end":{"line":6,"column":20}}},"fnMap":{"0":{"name":"(anonymous_0)","decl":{"start":{"line":1,"column":12},"end":{"line":1,"column":13}},"loc":{"start":{"line":1,"column":19},"end":{"line":3,"column":1}},"line":1}},"branchMap":{},"s":{"0":1,"1":2,"2":1},"f":{"0":2},"b":{},"_coverageSchema":"1a1c01bbd47fc00a2c39e90264f33305004495a9","hash":"aafa2109cee964553440fcdf0dc051859b89cded"}
}
